* using log directory ‘/home/zhanglab/lh/2024.6_3dSNP/script/utils/lkObj/..Rcheck’
* using R version 4.4.1 (2024-06-14)
* using platform: x86_64-pc-linux-gnu
* R was compiled by
    gcc (Ubuntu 9.4.0-1ubuntu1~20.04.2) 9.4.0
    GNU Fortran (Ubuntu 9.4.0-1ubuntu1~20.04.2) 9.4.0
* running under: Ubuntu 20.04.4 LTS
* using session charset: UTF-8
* checking for file ‘./DESCRIPTION’ ... OK
* this is package ‘linkSet’ version ‘0.0.0.1’
* package encoding: UTF-8
* checking package namespace information ... OK
* checking package dependencies ... OK
* checking if this is a source package ... OK
* checking if there is a namespace ... OK
* checking for executable files ... OK
* checking for hidden files and directories ... NOTE
Found the following hidden files and directories:
  .gitignore
  ..Rcheck
  .Rproj.user
  .git
These were most likely included in error. See section ‘Package
structure’ in the ‘Writing R Extensions’ manual.
* checking for portable file names ... OK
* checking for sufficient/correct file permissions ... OK
* checking whether package ‘linkSet’ can be installed ... OK
* checking installed package size ... OK
* checking package directory ... OK
* checking DESCRIPTION meta-information ... NOTE
Malformed Description field: should contain one or more complete sentences.
Checking should be performed on sources prepared by ‘R CMD build’.
* checking top-level files ... OK
* checking for left-over files ... OK
* checking index information ... OK
* checking package subdirectories ... WARNING
Found the following directory with the name of a check directory:
  ./..Rcheck
Most likely, these were included erroneously.
* checking code files for non-ASCII characters ... OK
* checking R files for syntax errors ... OK
* checking whether the package can be loaded ... OK
* checking whether the package can be loaded with stated dependencies ... OK
* checking whether the package can be unloaded cleanly ... OK
* checking whether the namespace can be loaded with stated dependencies ... NOTE
Warning: no function found corresponding to methods exports from ‘linkSet’ for: ‘first’, ‘second’, ‘seqinfo’, ‘show’

A namespace must be able to be loaded with just the base namespace
loaded: otherwise if the namespace gets loaded by a saved object, the
session will be unable to start.

Probably some imports need to be declared in the NAMESPACE file.
* checking whether the namespace can be unloaded cleanly ... OK
* checking loading without being on the library search path ... OK
* checking dependencies in R code ... NOTE
Namespaces in Imports field not imported from:
  ‘BiocGenerics’ ‘GenomeInfoDb’ ‘IRanges’ ‘Matrix’ ‘Organism.dplyr’
  ‘S4Vectors’ ‘methods’
  All declared Imports should be used.
Packages in Depends field not imported from:
  ‘GenomicRanges’ ‘SummarizedExperiment’
  These packages need to be imported from (in the NAMESPACE file)
  for when this namespace is loaded but not attached.
Unexported object imported by a ':::' call: ‘GenomicRanges:::extraColumnSlotNames’
  See the note in ?`:::` about the use of this operator.
* checking S3 generic/method consistency ... OK
* checking replacement functions ... OK
* checking foreign function calls ... OK
* checking R code for possible problems ... NOTE
.makeNakedMatFromGInteractions: no visible global function definition
  for ‘mcols’
.makeNakedMatFromGInteractions: no visible binding for global variable
  ‘showAsCell’
.new_LK: no visible global function definition for
  ‘make_zero_col_DFrame’
.new_LK: no visible binding for global variable ‘gr1’
.new_LK: no visible global function definition for ‘new’
.pasteAnchor: no visible global function definition for ‘seqnames’
.pasteAnchor: no visible global function definition for ‘showAsCell’
.pasteAnchor: no visible global function definition for ‘ranges’
.safeNMcols: no visible global function definition for ‘mcols’
showLinkSet: no visible global function definition for
  ‘makePrettyMatrixForCompactPrinting’
showLinkSet: no visible global function definition for ‘getSlots’
showLinkSet: no visible global function definition for
  ‘makeClassinfoRowForCompactPrinting’
showLinkSet: no visible global function definition for ‘seqinfo’
linkSet,GRanges-GRanges-character_Or_missing: no visible global
  function definition for ‘mcols’
linkSet,GRanges-GRanges-character_Or_missing: no visible global
  function definition for ‘mcols<-’
linkSet,GRanges-GRanges-character_Or_missing: no visible global
  function definition for ‘DataFrame’
linkSet,GRanges-GRanges-character_Or_missing: no visible global
  function definition for ‘make_zero_col_DFrame’
linkSet,character-GRanges-character_Or_missing: no visible global
  function definition for ‘mcols’
linkSet,character-GRanges-character_Or_missing: no visible global
  function definition for ‘mcols<-’
linkSet,character-GRanges-character_Or_missing: no visible global
  function definition for ‘DataFrame’
linkSet,character-GRanges-character_Or_missing: no visible global
  function definition for ‘make_zero_col_DFrame’
linkSet,character-GRanges-character_Or_missing: no visible global
  function definition for ‘GRanges’
seqinfo,linkSet: no visible global function definition for ‘seqinfo’
Undefined global functions or variables:
  DataFrame GRanges getSlots gr1 makeClassinfoRowForCompactPrinting
  makePrettyMatrixForCompactPrinting make_zero_col_DFrame mcols mcols<-
  new ranges seqinfo seqnames showAsCell
Consider adding
  importFrom("methods", "getSlots", "new")
to your NAMESPACE file (and ensure that your DESCRIPTION Imports field
contains 'methods').
* checking Rd files ... OK
* checking Rd metadata ... OK
* checking Rd cross-references ... OK
* checking for missing documentation entries ... WARNING
Undocumented code objects:
  ‘anchor1’ ‘anchor2’ ‘anchorIds’ ‘anchors’ ‘annotatePromoter’ ‘bait’
  ‘linkSet’ ‘oe’ ‘regions’
Undocumented S4 classes:
  ‘character_Or_missing’ ‘linkSet’
Undocumented S4 methods:
  generic 'anchor1' and siglist 'linkSet'
  generic 'anchor2' and siglist 'linkSet'
  generic 'anchorIds' and siglist 'linkSet'
  generic 'anchors' and siglist 'linkSet'
  generic 'bait' and siglist 'linkSet'
  generic 'first' and siglist 'linkSet'
  generic 'linkSet' and siglist 'GRanges,GRanges,character_Or_missing'
  generic 'linkSet' and siglist
    'character,GRanges,character_Or_missing'
  generic 'oe' and siglist 'linkSet'
  generic 'regions' and siglist 'linkSet'
  generic 'second' and siglist 'linkSet'
  generic 'seqinfo' and siglist 'linkSet'
  generic 'show' and siglist 'linkSet'
All user-level objects in a package (including S4 classes and methods)
should have documentation entries.
See chapter ‘Writing R documentation files’ in the ‘Writing R
Extensions’ manual.
* checking for code/documentation mismatches ... OK
* checking Rd \usage sections ... OK
* checking Rd contents ... OK
* checking for unstated dependencies in examples ... OK
* checking examples ... NONE
* checking PDF version of manual ... WARNING
LaTeX errors when creating PDF version.
This typically indicates Rd problems.
* checking PDF version of manual without index ... ERROR
Re-running with no redirection of stdout/stderr.
* DONE
Status: 1 ERROR, 3 WARNINGs, 5 NOTEs
